<?xml version="1.0" encoding="UTF-8"?>
<!-- Generated by org.testng.reporters.JUnitXMLReporter -->
<testsuite hostname="DESKTOP-P5K0BO7" ignored="2" name="Test" tests="2" failures="0" timestamp="06 Aug 2019 09:38:51 GMT" time="0.113" errors="0">
  <testcase name="Createproduct" time="0.012" classname="TestNGprograms.GroupsDemo"/>
  <testcase name="Deleteproduct" time="0.01" classname="TestNGprograms.GroupsDemo"/>
  <testcase name="edituser" time="0.0" classname="TestNGprograms.GroupsDemo">
    <ignored/>
  </testcase> <!-- edituser -->
  <testcase name="createUser" time="0.0" classname="TestNGprograms.GroupsDemo">
    <ignored/>
  </testcase> <!-- createUser -->
</testsuite> <!-- Test -->
